2021-03-08 23:16:24,633 - INFO - ************Test Case 001***********
2021-03-08 23:16:24,634 - INFO - ************Verify Home Page Title***********
2021-03-08 23:16:30,513 - INFO - ************Home page Title is passed***********
2021-03-08 23:16:32,489 - INFO - ************Verify Login Test***********
2021-03-08 23:16:37,500 - INFO - ************Login Page is passed***********
2021-03-08 23:36:02,920 - INFO - ************Test Case 001***********
2021-03-08 23:36:02,948 - INFO - ************Verify Home Page Title***********
2021-03-08 23:36:05,456 - INFO - ************Home page Title is passed***********
2021-03-08 23:36:07,029 - INFO - ************Verify Login Test***********
2021-03-08 23:36:13,427 - INFO - ************Login Page is passed***********
2021-03-09 09:43:20,015 - INFO - ************Verify Login Test***********
2021-03-09 09:43:20,272 - INFO - ************Test Case 001***********
2021-03-09 09:43:20,273 - INFO - ************Verify Home Page Title***********
2021-03-09 09:43:29,286 - INFO - ************Home page Title is passed***********
2021-03-09 09:50:29,265 - INFO - ************Test Case 001***********
2021-03-09 09:50:29,266 - INFO - ************Verify Home Page Title***********
2021-03-09 09:50:34,159 - INFO - ************Home page Title is passed***********
2021-03-09 09:50:35,915 - INFO - ************Verify Login Test***********
2021-03-09 09:51:54,081 - INFO - ************Test Case 001***********
2021-03-09 09:51:54,083 - INFO - ************Verify Home Page Title***********
2021-03-09 09:51:59,977 - INFO - ************Home page Title is passed***********
2021-03-09 09:52:01,557 - INFO - ************Verify Login Test***********
2021-03-09 09:52:06,638 - INFO - ************Login Page is passed***********
2021-03-09 23:14:41,853 - INFO - ************TC_002_DDT_Login***********
2021-03-09 23:14:41,865 - INFO - ************Verify Login DDT Test***********
2021-03-09 23:16:06,173 - INFO - ************Test Case 001***********
2021-03-09 23:16:06,176 - INFO - ************Verify Home Page Title***********
2021-03-09 23:16:06,182 - INFO - ************Verify Login Test***********
2021-03-09 23:16:08,354 - INFO - ************Home page Title is passed***********
2021-03-09 23:16:13,255 - INFO - ************Login Page is passed***********
2021-03-09 23:18:32,032 - INFO - ************TC_002_DDT_Login***********
2021-03-09 23:18:32,032 - INFO - ************Verify Login DDT Test***********
2021-03-09 23:20:18,745 - INFO - ************TC_002_DDT_Login***********
2021-03-09 23:20:18,746 - INFO - ************Verify Login DDT Test***********
2021-03-09 23:22:36,423 - INFO - ************TC_002_DDT_Login***********
2021-03-09 23:22:36,424 - INFO - ************Verify Login DDT Test***********
2021-03-09 23:23:12,695 - INFO - ************TC_002_DDT_Login***********
2021-03-09 23:23:12,697 - INFO - ************Verify Login DDT Test***********
2021-03-09 23:23:25,268 - INFO - ********Login_Test_DDT_Pass******
2021-03-09 23:27:59,346 - INFO - ************TC_002_DDT_Login***********
2021-03-09 23:27:59,348 - INFO - ************Verify Login DDT Test***********
2021-03-09 23:33:18,275 - INFO - ************TC_002_DDT_Login***********
2021-03-09 23:33:18,275 - INFO - ************Verify Login DDT Test***********
2021-03-09 23:37:05,927 - INFO - ************TC_002_DDT_Login***********
2021-03-09 23:37:05,928 - INFO - ************Verify Login DDT Test***********
2021-03-09 23:41:19,816 - INFO - ************TC_002_DDT_Login***********
2021-03-09 23:41:19,817 - INFO - ************Verify Login DDT Test***********
2021-03-09 23:46:09,760 - INFO - ************TC_002_DDT_Login***********
2021-03-09 23:46:09,761 - INFO - ************Verify Login DDT Test***********
2021-03-09 23:56:57,184 - INFO - ************TC_002_DDT_Login***********
2021-03-09 23:56:57,184 - INFO - ************Verify Login DDT Test***********
2021-03-10 00:06:43,900 - INFO - ************TC_002_DDT_Login***********
2021-03-10 00:06:43,909 - INFO - ************Verify Login DDT Test***********
2021-03-10 00:09:57,011 - INFO - ************TC_002_DDT_Login***********
2021-03-10 00:09:57,014 - INFO - ************Verify Login DDT Test***********
2021-03-10 00:10:51,165 - INFO - ************TC_002_DDT_Login***********
2021-03-10 00:10:51,167 - INFO - ************Verify Login DDT Test***********
2021-03-10 00:13:43,072 - INFO - ************TC_002_DDT_Login***********
2021-03-10 00:13:43,072 - INFO - ************Verify Login DDT Test***********
2021-03-10 00:20:19,346 - INFO - ************TC_002_DDT_Login***********
2021-03-10 00:20:19,347 - INFO - ************Verify Login DDT Test***********
2021-03-10 09:03:59,844 - INFO - ************Test Case 001***********
2021-03-10 09:03:59,846 - INFO - ************Verify Home Page Title***********
2021-03-10 09:04:03,529 - INFO - ************Home page Title is passed***********
2021-03-10 09:04:05,677 - INFO - ************Verify Login Test***********
2021-03-10 09:04:11,183 - INFO - ************Login Page is passed***********
2021-03-10 09:06:18,042 - INFO - ************TC_002_DDT_Login***********
2021-03-10 09:06:18,043 - INFO - ************Verify Login DDT Test***********
2021-03-10 09:07:48,363 - INFO - ************TC_002_DDT_Login***********
2021-03-10 09:07:48,364 - INFO - ************Verify Login DDT Test***********
2021-03-10 09:20:38,447 - INFO - ************TC_002_DDT_Login***********
2021-03-10 09:20:38,448 - INFO - ************Verify Login DDT Test***********
2021-03-10 09:22:31,636 - INFO - ************TC_002_DDT_Login***********
2021-03-10 09:22:31,638 - INFO - ************Verify Login DDT Test***********
2021-03-10 09:22:45,314 - INFO - ********Pass*******
2021-03-10 09:22:51,672 - INFO - ********Pass*******
2021-03-10 09:26:36,164 - INFO - ************TC_002_DDT_Login***********
2021-03-10 09:26:36,195 - INFO - ************Verify Login DDT Test***********
2021-03-10 09:26:46,256 - INFO - ********Pass*******
2021-03-10 09:26:52,591 - INFO - ********Pass*******
2021-03-10 09:26:58,778 - INFO - ********Pass*******
2021-03-10 09:31:15,124 - INFO - ************TC_002_DDT_Login***********
2021-03-10 09:31:15,130 - INFO - ************Verify Login DDT Test***********
2021-03-10 09:31:26,135 - INFO - ********Pass*******
2021-03-10 09:31:32,673 - INFO - ********Pass*******
2021-03-10 09:48:32,153 - INFO - ************TC_002_DDT_Login***********
2021-03-10 09:48:32,154 - INFO - ************Verify Login DDT Test***********
2021-03-10 09:48:45,933 - INFO - ********Pass*******
2021-03-10 09:48:52,459 - INFO - ********Pass*******
2021-03-10 09:59:00,627 - INFO - ************TC_002_DDT_Login***********
2021-03-10 09:59:00,628 - INFO - ************Verify Login DDT Test***********
2021-03-10 09:59:13,133 - INFO - ********Pass*******
2021-03-10 09:59:19,307 - INFO - ********Pass*******
2021-03-10 09:59:25,371 - INFO - ********Pass*******
2021-03-10 10:00:17,851 - INFO - ************Test Case 001***********
2021-03-10 10:00:17,851 - INFO - ************Verify Home Page Title***********
2021-03-10 10:00:20,429 - INFO - ************Home page Title is passed***********
2021-03-10 10:00:22,032 - INFO - ************Verify Login Test***********
2021-03-10 10:00:26,830 - INFO - ************Login Page is passed***********
2021-03-10 10:01:34,361 - INFO - ************TC_002_DDT_Login***********
2021-03-10 10:01:34,436 - INFO - ************Verify Login DDT Test***********
2021-03-10 10:01:47,924 - INFO - ********Pass*******
2021-03-10 10:01:53,972 - INFO - ********Pass*******
2021-03-10 10:01:59,966 - INFO - ********Pass*******
2021-03-10 10:03:59,434 - INFO - ************TC_002_DDT_Login***********
2021-03-10 10:03:59,435 - INFO - ************Verify Login DDT Test***********
2021-03-10 10:04:11,466 - INFO - ********Pass*******
2021-03-10 10:04:17,587 - INFO - ********Pass*******
2021-03-10 10:04:23,382 - INFO - ********Pass*******
2021-03-10 10:23:04,243 - INFO - ************TC_002_DDT_Login***********
2021-03-10 10:23:04,244 - INFO - ************Verify Login DDT Test***********
2021-03-10 10:23:14,735 - INFO - ********Pass*******
2021-03-10 10:23:20,851 - INFO - ********Pass*******
2021-03-10 10:23:26,698 - INFO - ********Pass*******
2021-03-10 10:24:53,982 - INFO - ************TC_002_DDT_Login***********
2021-03-10 10:24:53,982 - INFO - ************Verify Login DDT Test***********
2021-03-10 10:25:09,284 - INFO - ********Pass*******
2021-03-10 10:25:15,983 - INFO - ********Pass*******
2021-03-10 10:25:21,692 - INFO - ********Pass*******
2021-03-10 10:29:48,639 - INFO - ************TC_002_DDT_Login***********
2021-03-10 10:29:48,640 - INFO - ************Verify Login DDT Test***********
2021-03-10 10:29:59,214 - INFO - ********Pass*******
2021-03-10 10:30:06,607 - INFO - ********Pass*******
2021-03-10 10:30:52,176 - INFO - ************TC_002_DDT_Login***********
2021-03-10 10:30:52,189 - INFO - ************Verify Login DDT Test***********
2021-03-10 10:31:03,129 - INFO - ********Pass*******
2021-03-10 10:31:10,026 - INFO - ********Pass*******
2021-03-10 10:31:15,575 - INFO - ********Pass*******
2021-03-10 10:31:15,576 - INFO - ********Login_Test_DDT_Pass******
2021-03-10 10:31:15,947 - INFO - ***********End of Login DDT test********
2021-03-10 10:31:15,947 - INFO - ***********Completion of Login DDT test*********
2021-03-10 16:26:36,292 - INFO - ************TC_002_DDT_Login***********
2021-03-10 16:26:36,301 - INFO - ************Verify Login DDT Test***********
2021-03-10 16:26:45,969 - INFO - ********Pass*******
2021-03-10 16:26:51,986 - INFO - ********Pass*******
2021-03-10 16:26:57,561 - INFO - ********Pass*******
2021-03-10 16:26:57,562 - INFO - ********Login_Test_DDT_Pass******
2021-03-10 16:26:57,767 - INFO - ***********End of Login DDT test********
2021-03-10 16:26:57,768 - INFO - ***********Completion of Login DDT test*********
2021-03-10 16:32:20,080 - INFO - ************TC_002_DDT_Login***********
2021-03-10 16:32:20,094 - INFO - ************Verify Login DDT Test***********
2021-03-10 16:32:29,724 - INFO - ********Pass*******
2021-03-10 16:32:35,760 - INFO - ********Pass*******
2021-03-10 16:32:41,419 - INFO - ********Pass*******
2021-03-11 23:18:33,345 - INFO - ******Test_003_AddCustomer******
2021-03-11 23:19:37,187 - INFO - ******Test_003_AddCustomer******
2021-03-11 23:22:14,945 - INFO - ************Test Case 001***********
2021-03-11 23:22:14,946 - INFO - ************Verify Home Page Title***********
2021-03-11 23:22:21,033 - INFO - ************Home page Title is passed***********
2021-03-11 23:22:22,819 - INFO - ************Verify Login Test***********
2021-03-11 23:22:28,775 - INFO - ************Login Page is passed***********
2021-03-11 23:24:22,003 - INFO - ******Test_003_AddCustomer******
2021-03-11 23:26:58,250 - INFO - ******Test_003_AddCustomer******
2021-03-11 23:28:39,386 - INFO - ******Test_003_AddCustomer******
2021-03-11 23:28:47,786 - INFO - ********Login successful********
2021-03-11 23:28:47,787 - INFO - ********Starting Add Customer Test*******
2021-03-11 23:28:52,036 - INFO - **********Providing customers' information*******
2021-03-11 23:33:36,415 - INFO - ******Test_003_AddCustomer******
2021-03-11 23:33:42,102 - INFO - ********Login successful********
2021-03-11 23:33:42,103 - INFO - ********Starting Add Customer Test*******
2021-03-11 23:33:46,377 - INFO - **********Providing customers' information*******
2021-03-11 23:40:49,646 - INFO - ******Test_003_AddCustomer******
2021-03-11 23:40:59,488 - INFO - ********Login successful********
2021-03-11 23:40:59,489 - INFO - ********Starting Add Customer Test*******
2021-03-11 23:41:03,031 - INFO - **********Providing customers' information*******
2021-03-11 23:46:06,303 - INFO - ******Test_003_AddCustomer******
2021-03-11 23:46:11,506 - INFO - ********Login successful********
2021-03-11 23:46:11,507 - INFO - ********Starting Add Customer Test*******
2021-03-11 23:46:15,385 - INFO - **********Providing customers' information*******
2021-03-11 23:58:02,480 - INFO - ******Test_003_AddCustomer******
2021-03-11 23:58:12,781 - INFO - ********Login successful********
2021-03-11 23:58:12,782 - INFO - ********Starting Add Customer Test*******
2021-03-11 23:58:18,360 - INFO - **********Providing customers' information*******
2021-03-11 23:58:30,821 - INFO - *******Saving customer info******
2021-03-11 23:58:30,821 - INFO - *******Add customer validation started*******
2021-03-11 23:58:31,276 - INFO - *********Add Customer Test Passed********
2021-03-11 23:58:31,663 - INFO - ********End of Test Case*********
2021-03-12 23:32:34,821 - INFO - ******Test_004_SearchCustomerByEmail******
2021-03-12 23:32:40,898 - INFO - ********Login successful********
2021-03-12 23:32:40,898 - INFO - ********Starting Search*********
2021-03-12 23:32:42,363 - INFO - **********Searching********
2021-03-12 23:42:05,311 - INFO - ******Test_004_SearchCustomerByEmail******
2021-03-12 23:42:12,439 - INFO - ********Login successful********
2021-03-12 23:42:12,439 - INFO - ********Starting Search*********
2021-03-12 23:42:14,046 - INFO - **********Searching********
2021-03-12 23:42:19,549 - INFO - ************ TC _search customer by email completed *******
2021-03-12 23:42:54,673 - INFO - ******Test_004_SearchCustomerByEmail******
2021-03-12 23:43:02,295 - INFO - ********Login successful********
2021-03-12 23:43:02,295 - INFO - ********Starting Search*********
2021-03-12 23:43:03,952 - INFO - **********Searching********
2021-03-12 23:43:09,494 - INFO - ************ TC _search customer by email completed *******
2021-03-12 23:46:36,057 - INFO - ******Test_004_SearchCustomerByName******
2021-03-12 23:46:40,973 - INFO - ********Login successful********
2021-03-12 23:46:40,974 - INFO - ********Starting Search*********
2021-03-12 23:46:42,624 - INFO - **********Searching********
2021-03-12 23:48:13,985 - INFO - ******Test_004_SearchCustomerByName******
2021-03-12 23:48:18,971 - INFO - ********Login successful********
2021-03-12 23:48:18,972 - INFO - ********Starting Search*********
2021-03-12 23:48:22,154 - INFO - **********Searching********
2021-03-12 23:50:32,901 - INFO - ******Test_004_SearchCustomerByName******
2021-03-12 23:50:39,467 - INFO - ********Login successful********
2021-03-12 23:50:39,467 - INFO - ********Starting Search*********
2021-03-12 23:50:41,328 - INFO - **********Searching********
2021-03-12 23:53:18,209 - INFO - ******Test_004_SearchCustomerByName******
2021-03-12 23:53:23,621 - INFO - ********Login successful********
2021-03-12 23:53:23,622 - INFO - ********Starting Search*********
2021-03-12 23:53:25,253 - INFO - **********Searching********
2021-03-12 23:53:30,860 - INFO - ************ TC _search customer by name completed *******
2021-03-14 22:43:51,799 - INFO - ************Verify Login Test***********
2021-03-14 22:43:51,799 - INFO - ************Verify Login Test***********
2021-03-14 22:43:51,799 - INFO - ************Verify Login Test***********
2021-03-14 22:43:51,799 - INFO - ************Verify Login Test***********
2021-03-14 22:43:51,799 - INFO - ************Verify Login Test***********
2021-03-14 22:44:02,406 - INFO - ************Login Page is passed***********
2021-03-14 22:44:02,406 - INFO - ************Login Page is passed***********
2021-03-14 22:44:02,406 - INFO - ************Login Page is passed***********
2021-03-14 22:44:02,406 - INFO - ************Login Page is passed***********
2021-03-14 22:44:02,406 - INFO - ************Login Page is passed***********
2021-03-14 22:47:08,742 - INFO - ******Test_003_AddCustomer******
2021-03-14 22:47:08,742 - INFO - ******Test_003_AddCustomer******
2021-03-14 22:47:08,742 - INFO - ******Test_003_AddCustomer******
2021-03-14 22:47:08,742 - INFO - ******Test_003_AddCustomer******
2021-03-14 22:47:08,742 - INFO - ******Test_003_AddCustomer******
2021-03-14 22:47:15,141 - INFO - ************Test Case 001***********
2021-03-14 22:47:15,141 - INFO - ************Test Case 001***********
2021-03-14 22:47:15,141 - INFO - ************Test Case 001***********
2021-03-14 22:47:15,141 - INFO - ************Test Case 001***********
2021-03-14 22:47:15,141 - INFO - ************Test Case 001***********
2021-03-14 22:47:15,142 - INFO - ************Verify Home Page Title***********
2021-03-14 22:47:15,142 - INFO - ************Verify Home Page Title***********
2021-03-14 22:47:15,142 - INFO - ************Verify Home Page Title***********
2021-03-14 22:47:15,142 - INFO - ************Verify Home Page Title***********
2021-03-14 22:47:15,142 - INFO - ************Verify Home Page Title***********
2021-03-14 22:48:28,137 - INFO - ************Home page Title is passed***********
2021-03-14 22:48:28,137 - INFO - ************Home page Title is passed***********
2021-03-14 22:48:28,137 - INFO - ************Home page Title is passed***********
2021-03-14 22:48:28,137 - INFO - ************Home page Title is passed***********
2021-03-14 22:48:28,137 - INFO - ************Home page Title is passed***********
2021-03-14 22:48:31,605 - INFO - ************Verify Login Test***********
2021-03-14 22:48:31,605 - INFO - ************Verify Login Test***********
2021-03-14 22:48:31,605 - INFO - ************Verify Login Test***********
2021-03-14 22:48:31,605 - INFO - ************Verify Login Test***********
2021-03-14 22:48:31,605 - INFO - ************Verify Login Test***********
2021-03-14 22:48:43,235 - INFO - ************Login Page is passed***********
2021-03-14 22:48:43,235 - INFO - ************Login Page is passed***********
2021-03-14 22:48:43,235 - INFO - ************Login Page is passed***********
2021-03-14 22:48:43,235 - INFO - ************Login Page is passed***********
2021-03-14 22:48:43,235 - INFO - ************Login Page is passed***********
2021-03-14 22:48:45,203 - INFO - ************TC_002_DDT_Login***********
2021-03-14 22:48:45,203 - INFO - ************TC_002_DDT_Login***********
2021-03-14 22:48:45,203 - INFO - ************TC_002_DDT_Login***********
2021-03-14 22:48:45,203 - INFO - ************TC_002_DDT_Login***********
2021-03-14 22:48:45,203 - INFO - ************TC_002_DDT_Login***********
2021-03-14 22:48:45,204 - INFO - ************Verify Login DDT Test***********
2021-03-14 22:48:45,204 - INFO - ************Verify Login DDT Test***********
2021-03-14 22:48:45,204 - INFO - ************Verify Login DDT Test***********
2021-03-14 22:48:45,204 - INFO - ************Verify Login DDT Test***********
2021-03-14 22:48:45,204 - INFO - ************Verify Login DDT Test***********
2021-03-14 22:49:01,028 - INFO - ********Pass*******
2021-03-14 22:49:01,028 - INFO - ********Pass*******
2021-03-14 22:49:01,028 - INFO - ********Pass*******
2021-03-14 22:49:01,028 - INFO - ********Pass*******
2021-03-14 22:49:01,028 - INFO - ********Pass*******
2021-03-14 22:49:07,483 - INFO - ********Pass*******
2021-03-14 22:49:07,483 - INFO - ********Pass*******
2021-03-14 22:49:07,483 - INFO - ********Pass*******
2021-03-14 22:49:07,483 - INFO - ********Pass*******
2021-03-14 22:49:07,483 - INFO - ********Pass*******
2021-03-14 22:49:13,358 - INFO - ********Pass*******
2021-03-14 22:49:13,358 - INFO - ********Pass*******
2021-03-14 22:49:13,358 - INFO - ********Pass*******
2021-03-14 22:49:13,358 - INFO - ********Pass*******
2021-03-14 22:49:13,358 - INFO - ********Pass*******
2021-03-14 22:49:13,361 - INFO - ********Login_Test_DDT_Pass******
2021-03-14 22:49:13,361 - INFO - ********Login_Test_DDT_Pass******
2021-03-14 22:49:13,361 - INFO - ********Login_Test_DDT_Pass******
2021-03-14 22:49:13,361 - INFO - ********Login_Test_DDT_Pass******
2021-03-14 22:49:13,361 - INFO - ********Login_Test_DDT_Pass******
2021-03-14 22:49:14,643 - INFO - ***********End of Login DDT test********
2021-03-14 22:49:14,643 - INFO - ***********End of Login DDT test********
2021-03-14 22:49:14,643 - INFO - ***********End of Login DDT test********
2021-03-14 22:49:14,643 - INFO - ***********End of Login DDT test********
2021-03-14 22:49:14,643 - INFO - ***********End of Login DDT test********
2021-03-14 22:49:14,644 - INFO - ***********Completion of Login DDT test*********
2021-03-14 22:49:14,644 - INFO - ***********Completion of Login DDT test*********
2021-03-14 22:49:14,644 - INFO - ***********Completion of Login DDT test*********
2021-03-14 22:49:14,644 - INFO - ***********Completion of Login DDT test*********
2021-03-14 22:49:14,644 - INFO - ***********Completion of Login DDT test*********
2021-03-14 22:49:17,273 - INFO - ******Test_004_SearchCustomerByName******
2021-03-14 22:49:17,273 - INFO - ******Test_004_SearchCustomerByName******
2021-03-14 22:49:17,273 - INFO - ******Test_004_SearchCustomerByName******
2021-03-14 22:49:17,273 - INFO - ******Test_004_SearchCustomerByName******
2021-03-14 22:49:17,273 - INFO - ******Test_004_SearchCustomerByName******
2021-03-14 22:49:24,004 - INFO - ********Login successful********
2021-03-14 22:49:24,004 - INFO - ********Login successful********
2021-03-14 22:49:24,004 - INFO - ********Login successful********
2021-03-14 22:49:24,004 - INFO - ********Login successful********
2021-03-14 22:49:24,004 - INFO - ********Login successful********
2021-03-14 22:49:24,005 - INFO - ********Starting Search*********
2021-03-14 22:49:24,005 - INFO - ********Starting Search*********
2021-03-14 22:49:24,005 - INFO - ********Starting Search*********
2021-03-14 22:49:24,005 - INFO - ********Starting Search*********
2021-03-14 22:49:24,005 - INFO - ********Starting Search*********
2021-03-14 22:49:26,260 - INFO - **********Searching********
2021-03-14 22:49:26,260 - INFO - **********Searching********
2021-03-14 22:49:26,260 - INFO - **********Searching********
2021-03-14 22:49:26,260 - INFO - **********Searching********
2021-03-14 22:49:26,260 - INFO - **********Searching********
2021-03-14 22:49:32,783 - INFO - ************ TC _search customer by name completed *******
2021-03-14 22:49:32,783 - INFO - ************ TC _search customer by name completed *******
2021-03-14 22:49:32,783 - INFO - ************ TC _search customer by name completed *******
2021-03-14 22:49:32,783 - INFO - ************ TC _search customer by name completed *******
2021-03-14 22:49:32,783 - INFO - ************ TC _search customer by name completed *******
2021-03-14 22:49:36,102 - INFO - ******Test_004_SearchCustomerByEmail******
2021-03-14 22:49:36,102 - INFO - ******Test_004_SearchCustomerByEmail******
2021-03-14 22:49:36,102 - INFO - ******Test_004_SearchCustomerByEmail******
2021-03-14 22:49:36,102 - INFO - ******Test_004_SearchCustomerByEmail******
2021-03-14 22:49:36,102 - INFO - ******Test_004_SearchCustomerByEmail******
2021-03-14 22:49:45,062 - INFO - ********Login successful********
2021-03-14 22:49:45,062 - INFO - ********Login successful********
2021-03-14 22:49:45,062 - INFO - ********Login successful********
2021-03-14 22:49:45,062 - INFO - ********Login successful********
2021-03-14 22:49:45,062 - INFO - ********Login successful********
2021-03-14 22:49:45,063 - INFO - ********Starting Search*********
2021-03-14 22:49:45,063 - INFO - ********Starting Search*********
2021-03-14 22:49:45,063 - INFO - ********Starting Search*********
2021-03-14 22:49:45,063 - INFO - ********Starting Search*********
2021-03-14 22:49:45,063 - INFO - ********Starting Search*********
2021-03-14 22:49:49,759 - INFO - **********Searching********
2021-03-14 22:49:49,759 - INFO - **********Searching********
2021-03-14 22:49:49,759 - INFO - **********Searching********
2021-03-14 22:49:49,759 - INFO - **********Searching********
2021-03-14 22:49:49,759 - INFO - **********Searching********
2021-03-14 22:49:55,884 - INFO - ************ TC _search customer by email completed *******
2021-03-14 22:49:55,884 - INFO - ************ TC _search customer by email completed *******
2021-03-14 22:49:55,884 - INFO - ************ TC _search customer by email completed *******
2021-03-14 22:49:55,884 - INFO - ************ TC _search customer by email completed *******
2021-03-14 22:49:55,884 - INFO - ************ TC _search customer by email completed *******
2021-03-14 22:51:43,947 - INFO - ******Test_003_AddCustomer******
2021-03-14 22:51:54,501 - INFO - ********Login successful********
2021-03-14 22:51:54,502 - INFO - ********Starting Add Customer Test*******
2021-03-14 22:51:57,969 - INFO - **********Providing customers' information*******
2021-03-14 22:52:11,244 - INFO - *******Saving customer info******
2021-03-14 22:52:11,244 - INFO - *******Add customer validation started*******
2021-03-14 22:52:11,920 - INFO - *********Add Customer Test Passed********
2021-03-14 22:52:12,487 - INFO - ********End of Test Case*********
